<?xml version="1.0" encoding="UTF-8"?>
<testsuite name="com.example.travel.controller.TripControllerTest" tests="5" skipped="0" failures="0" errors="0" timestamp="2019-08-27T10:54:29" hostname="syanev-a01.vmware.com" time="1.582">
  <properties/>
  <testcase name="testTripControllerWithValidData" classname="com.example.travel.controller.TripControllerTest" time="1.56"/>
  <testcase name="testTripControllerWithNegativeTotalBudget" classname="com.example.travel.controller.TripControllerTest" time="0.01"/>
  <testcase name="testTripControllerWithEmptyStartCountry" classname="com.example.travel.controller.TripControllerTest" time="0.004"/>
  <testcase name="testTripControllerWithNullCurrency" classname="com.example.travel.controller.TripControllerTest" time="0.004"/>
  <testcase name="testTripControllerWithZeroBudgetPerCountry" classname="com.example.travel.controller.TripControllerTest" time="0.004"/>
  <system-out><![CDATA[13:54:28.315 [Test worker] DEBUG org.springframework.test.context.junit4.SpringJUnit4ClassRunner - SpringJUnit4ClassRunner constructor called with [class com.example.travel.controller.TripControllerTest]
13:54:28.321 [Test worker] DEBUG org.springframework.test.context.BootstrapUtils - Instantiating CacheAwareContextLoaderDelegate from class [org.springframework.test.context.cache.DefaultCacheAwareContextLoaderDelegate]
13:54:28.327 [Test worker] DEBUG org.springframework.test.context.BootstrapUtils - Instantiating BootstrapContext using constructor [public org.springframework.test.context.support.DefaultBootstrapContext(java.lang.Class,org.springframework.test.context.CacheAwareContextLoaderDelegate)]
13:54:28.345 [Test worker] DEBUG org.springframework.test.context.BootstrapUtils - Instantiating TestContextBootstrapper for test class [com.example.travel.controller.TripControllerTest] from class [org.springframework.boot.test.context.SpringBootTestContextBootstrapper]
13:54:28.354 [Test worker] INFO org.springframework.boot.test.context.SpringBootTestContextBootstrapper - Neither @ContextConfiguration nor @ContextHierarchy found for test class [com.example.travel.controller.TripControllerTest], using SpringBootContextLoader
13:54:28.356 [Test worker] DEBUG org.springframework.test.context.support.AbstractContextLoader - Did not detect default resource location for test class [com.example.travel.controller.TripControllerTest]: class path resource [com/example/travel/controller/TripControllerTest-context.xml] does not exist
13:54:28.356 [Test worker] DEBUG org.springframework.test.context.support.AbstractContextLoader - Did not detect default resource location for test class [com.example.travel.controller.TripControllerTest]: class path resource [com/example/travel/controller/TripControllerTestContext.groovy] does not exist
13:54:28.357 [Test worker] INFO org.springframework.test.context.support.AbstractContextLoader - Could not detect default resource locations for test class [com.example.travel.controller.TripControllerTest]: no resource found for suffixes {-context.xml, Context.groovy}.
13:54:28.395 [Test worker] DEBUG org.springframework.test.context.support.ActiveProfilesUtils - Could not find an 'annotation declaring class' for annotation type [org.springframework.test.context.ActiveProfiles] and class [com.example.travel.controller.TripControllerTest]
13:54:28.469 [Test worker] DEBUG org.springframework.boot.test.context.SpringBootTestContextBootstrapper - @TestExecutionListeners is not present for class [com.example.travel.controller.TripControllerTest]: using defaults.
13:54:28.469 [Test worker] INFO org.springframework.boot.test.context.SpringBootTestContextBootstrapper - Loaded default TestExecutionListener class names from location [META-INF/spring.factories]: [org.springframework.boot.test.autoconfigure.restdocs.RestDocsTestExecutionListener, org.springframework.boot.test.autoconfigure.web.client.MockRestServiceServerResetTestExecutionListener, org.springframework.boot.test.autoconfigure.web.servlet.MockMvcPrintOnlyOnFailureTestExecutionListener, org.springframework.boot.test.autoconfigure.web.servlet.WebDriverTestExecutionListener, org.springframework.boot.test.mock.mockito.MockitoTestExecutionListener, org.springframework.boot.test.mock.mockito.ResetMocksTestExecutionListener, org.springframework.test.context.web.ServletTestExecutionListener, org.springframework.test.context.support.DirtiesContextBeforeModesTestExecutionListener, org.springframework.test.context.support.DependencyInjectionTestExecutionListener, org.springframework.test.context.support.DirtiesContextTestExecutionListener, org.springframework.test.context.transaction.TransactionalTestExecutionListener, org.springframework.test.context.jdbc.SqlScriptsTestExecutionListener]
13:54:28.476 [Test worker] DEBUG org.springframework.boot.test.context.SpringBootTestContextBootstrapper - Skipping candidate TestExecutionListener [org.springframework.test.context.transaction.TransactionalTestExecutionListener] due to a missing dependency. Specify custom listener classes or make the default listener classes and their required dependencies available. Offending class: [org/springframework/transaction/interceptor/TransactionAttributeSource]
13:54:28.476 [Test worker] DEBUG org.springframework.boot.test.context.SpringBootTestContextBootstrapper - Skipping candidate TestExecutionListener [org.springframework.test.context.jdbc.SqlScriptsTestExecutionListener] due to a missing dependency. Specify custom listener classes or make the default listener classes and their required dependencies available. Offending class: [org/springframework/transaction/interceptor/TransactionAttribute]
13:54:28.477 [Test worker] INFO org.springframework.boot.test.context.SpringBootTestContextBootstrapper - Using TestExecutionListeners: [org.springframework.test.context.web.ServletTestExecutionListener@92f71, org.springframework.test.context.support.DirtiesContextBeforeModesTestExecutionListener@4ec6bd74, org.springframework.boot.test.mock.mockito.MockitoTestExecutionListener@74c52f50, org.springframework.boot.test.autoconfigure.SpringBootDependencyInjectionTestExecutionListener@ca5a2de, org.springframework.test.context.support.DirtiesContextTestExecutionListener@451e669c, org.springframework.boot.test.autoconfigure.restdocs.RestDocsTestExecutionListener@3ec85e56, org.springframework.boot.test.autoconfigure.web.client.MockRestServiceServerResetTestExecutionListener@63aa5970, org.springframework.boot.test.autoconfigure.web.servlet.MockMvcPrintOnlyOnFailureTestExecutionListener@42b8b489, org.springframework.boot.test.autoconfigure.web.servlet.WebDriverTestExecutionListener@742400c4, org.springframework.boot.test.mock.mockito.ResetMocksTestExecutionListener@8e2daf8]
13:54:28.478 [Test worker] DEBUG org.springframework.test.annotation.ProfileValueUtils - Retrieved @ProfileValueSourceConfiguration [null] for test class [com.example.travel.controller.TripControllerTest]
13:54:28.479 [Test worker] DEBUG org.springframework.test.annotation.ProfileValueUtils - Retrieved ProfileValueSource type [class org.springframework.test.annotation.SystemProfileValueSource] for class [com.example.travel.controller.TripControllerTest]
13:54:28.479 [Test worker] DEBUG org.springframework.test.annotation.ProfileValueUtils - Retrieved @ProfileValueSourceConfiguration [null] for test class [com.example.travel.controller.TripControllerTest]
13:54:28.479 [Test worker] DEBUG org.springframework.test.annotation.ProfileValueUtils - Retrieved ProfileValueSource type [class org.springframework.test.annotation.SystemProfileValueSource] for class [com.example.travel.controller.TripControllerTest]
13:54:28.483 [Test worker] DEBUG org.springframework.test.context.support.AbstractDirtiesContextTestExecutionListener - Before test class: context [DefaultTestContext@33cf67cc testClass = TripControllerTest, testInstance = [null], testMethod = [null], testException = [null], mergedContextConfiguration = [WebMergedContextConfiguration@415d2cfe testClass = TripControllerTest, locations = '{}', classes = '{class com.example.travel.CountryNeighboursTourApplication, class com.example.travel.CountryNeighboursTourApplication}', contextInitializerClasses = '[]', activeProfiles = '{}', propertySourceLocations = '{classpath:application.properties}', propertySourceProperties = '{org.springframework.boot.test.context.SpringBootTestContextBootstrapper=true}', contextCustomizers = set[org.springframework.boot.test.autoconfigure.properties.PropertyMappingContextCustomizer@e7e8512, org.springframework.boot.test.autoconfigure.web.servlet.WebDriverContextCustomizerFactory$Customizer@1210dee0, [ImportsContextCustomizer@7d8d0f4 key = [org.springframework.boot.test.autoconfigure.web.servlet.MockMvcAutoConfiguration, org.springframework.boot.test.autoconfigure.web.servlet.MockMvcSecurityAutoConfiguration, org.springframework.boot.test.autoconfigure.web.servlet.MockMvcWebClientAutoConfiguration, org.springframework.boot.test.autoconfigure.web.servlet.MockMvcWebDriverAutoConfiguration]], org.springframework.boot.test.context.filter.ExcludeFilterContextCustomizer@3e9140e2, org.springframework.boot.test.json.DuplicateJsonObjectContextCustomizerFactory$DuplicateJsonObjectContextCustomizer@c144601, org.springframework.boot.test.mock.mockito.MockitoContextCustomizer@0, org.springframework.boot.test.web.client.TestRestTemplateContextCustomizer@cda8d2f], resourceBasePath = 'src/main/webapp', contextLoader = 'org.springframework.boot.test.context.SpringBootContextLoader', parent = [null]], attributes = map['org.springframework.test.context.web.ServletTestExecutionListener.activateListener' -> true]], class annotated with @DirtiesContext [false] with mode [null].
13:54:28.483 [Test worker] DEBUG org.springframework.test.annotation.ProfileValueUtils - Retrieved @ProfileValueSourceConfiguration [null] for test class [com.example.travel.controller.TripControllerTest]
13:54:28.483 [Test worker] DEBUG org.springframework.test.annotation.ProfileValueUtils - Retrieved ProfileValueSource type [class org.springframework.test.annotation.SystemProfileValueSource] for class [com.example.travel.controller.TripControllerTest]
13:54:28.501 [Test worker] DEBUG org.springframework.test.context.support.TestPropertySourceUtils - Adding inlined properties to environment: {spring.jmx.enabled=false, org.springframework.boot.test.context.SpringBootTestContextBootstrapper=true, server.port=-1}

  .   ____          _            __ _ _
 /\\ / ___'_ __ _ _(_)_ __  __ _ \ \ \ \
( ( )\___ | '_ | '_| | '_ \/ _` | \ \ \ \
 \\/  ___)| |_)| | | | | || (_| |  ) ) ) )
  '  |____| .__|_| |_|_| |_\__, | / / / /
 =========|_|==============|___/=/_/_/_/
 :: Spring Boot ::        (v2.1.7.RELEASE)

2019-08-27 13:54:28.652  WARN 7590 --- [    Test worker] ory$DuplicateJsonObjectContextCustomizer : 

Found multiple occurrences of org.json.JSONObject on the class path:

	jar:file:/Users/syanev/.gradle/caches/modules-2/files-2.1/org.json/json/20090211/c183aa3a2a6250293808bba12262c8920ce5a51c/json-20090211.jar!/org/json/JSONObject.class
	jar:file:/Users/syanev/.gradle/caches/modules-2/files-2.1/com.vaadin.external.google/android-json/0.0.20131108.vaadin1/fa26d351fe62a6a17f5cda1287c1c6110dec413f/android-json-0.0.20131108.vaadin1.jar!/org/json/JSONObject.class

You may wish to exclude one of them to ensure predictable runtime behavior

2019-08-27 13:54:28.658  INFO 7590 --- [    Test worker] c.e.t.controller.TripControllerTest      : Starting TripControllerTest on syanev-a01.vmware.com with PID 7590 (started by syanev in /Users/syanev/Desktop/CountryNeighboursTour)
2019-08-27 13:54:28.659  INFO 7590 --- [    Test worker] c.e.t.controller.TripControllerTest      : No active profile set, falling back to default profiles: default
2019-08-27 13:54:29.664  INFO 7590 --- [    Test worker] o.s.s.concurrent.ThreadPoolTaskExecutor  : Initializing ExecutorService 'applicationTaskExecutor'
2019-08-27 13:54:29.928  INFO 7590 --- [    Test worker] o.s.b.t.m.w.SpringBootMockServletContext : Initializing Spring TestDispatcherServlet ''
2019-08-27 13:54:29.928  INFO 7590 --- [    Test worker] o.s.t.web.servlet.TestDispatcherServlet  : Initializing Servlet ''
2019-08-27 13:54:29.937  INFO 7590 --- [    Test worker] o.s.t.web.servlet.TestDispatcherServlet  : Completed initialization in 9 ms
2019-08-27 13:54:29.958  INFO 7590 --- [    Test worker] c.e.t.controller.TripControllerTest      : Started TripControllerTest in 1.451 seconds (JVM running for 2.055)
2019-08-27 13:54:30.193  INFO 7590 --- [    Test worker] c.e.travel.controller.TripController     : Get details for TripPlan{startCountry='Bulgaria', budgetPerCountry=100.0, totalBudget=1200.0, currency='EUR'}
2019-08-27 13:54:30.193  INFO 7590 --- [    Test worker] c.e.t.calculator.impl.BudgetCalculator   : Calculating travel information for TripPlan{startCountry='Bulgaria', budgetPerCountry=100.0, totalBudget=1200.0, currency='EUR'}
2019-08-27 13:54:30.194  INFO 7590 --- [    Test worker] c.example.travel.service.CountryService  : Get country with name Bulgaria and request type https://restcountries-v1.p.rapidapi.com/name/
2019-08-27 13:54:30.702  INFO 7590 --- [    Test worker] c.e.t.calculator.impl.BudgetCalculator   : Starting country Country{name='Bulgaria', borders=[GRC, MKD, ROU, SRB, TUR], currencies=[BGN]}
2019-08-27 13:54:30.702  INFO 7590 --- [    Test worker] c.e.t.calculator.impl.BudgetCalculator   : Calculating number of visits for TripPlan{startCountry='Bulgaria', budgetPerCountry=100.0, totalBudget=1200.0, currency='EUR'} with number of country neighbors 5
2019-08-27 13:54:30.702  INFO 7590 --- [    Test worker] c.e.t.calculator.impl.BudgetCalculator   : Budget per country in original rate 200.0
2019-08-27 13:54:30.702  INFO 7590 --- [    Test worker] c.e.t.calculator.impl.BudgetCalculator   : Leftover 200.0
2019-08-27 13:54:30.703  INFO 7590 --- [    Test worker] c.e.t.calculator.impl.BudgetCalculator   : Calculating budget per country 200.0 and number of country neighbors [GRC, MKD, ROU, SRB, TUR] and initial initialCurrency code EUR
2019-08-27 13:54:30.703  INFO 7590 --- [    Test worker] com.example.travel.model.Currency        : Get currency with base EUR
2019-08-27 13:54:30.765  INFO 7590 --- [    Test worker] c.e.t.calculator.impl.BudgetCalculator   : Get initialCurrency Currency{base='EUR', rates={CAD=1.4788, HKD=8.7195, ISK=138.3, PHP=58.327, DKK=7.4564, HUF=329.23, CZK=25.792, AUD=1.643, RON=4.7277, SEK=10.7515, IDR=15834.46, INR=80.063, BRL=4.5701, RUB=73.2819, HRK=7.3933, JPY=117.67, THB=34.004, CHF=1.0885, SGD=1.5432, PLN=4.3622, BGN=1.9558, TRY=6.4642, CNY=7.9429, NOK=9.9873, NZD=1.7431, ZAR=16.9646, USD=1.1116, MXN=22.115, ILS=3.9083, GBP=0.90808, KRW=1348.82, MYR=4.6748}}
2019-08-27 13:54:30.914  INFO 7590 --- [    Test worker] c.e.t.calculator.impl.BudgetCalculator   : Found neighbour: Country{name='Greece', borders=[ALB, BGR, TUR, MKD], currencies=[EUR]}
2019-08-27 13:54:30.915  INFO 7590 --- [    Test worker] c.e.t.calculator.impl.BudgetCalculator   : neighbour country: Country{name='Greece', borders=[ALB, BGR, TUR, MKD], currencies=[EUR]} | country base EUR | country budget 200.0
2019-08-27 13:54:31.068  INFO 7590 --- [    Test worker] c.e.t.calculator.impl.BudgetCalculator   : Found neighbour: Country{name='Republic of Macedonia', borders=[ALB, BGR, GRC, KOS, SRB], currencies=[MKD]}
2019-08-27 13:54:31.069  INFO 7590 --- [    Test worker] c.e.t.calculator.impl.BudgetCalculator   : neighbour country: Country{name='Republic of Macedonia', borders=[ALB, BGR, GRC, KOS, SRB], currencies=[MKD]} | country base EUR | country budget 200.0
2019-08-27 13:54:31.207  INFO 7590 --- [    Test worker] c.e.t.calculator.impl.BudgetCalculator   : Found neighbour: Country{name='Romania', borders=[BGR, HUN, MDA, SRB, UKR], currencies=[RON]}
2019-08-27 13:54:31.207  INFO 7590 --- [    Test worker] c.e.t.calculator.impl.BudgetCalculator   : neighbour country: Country{name='Romania', borders=[BGR, HUN, MDA, SRB, UKR], currencies=[RON]} | country base RON | country budget 945.54004
2019-08-27 13:54:31.346  INFO 7590 --- [    Test worker] c.e.t.calculator.impl.BudgetCalculator   : Found neighbour: Country{name='Serbia', borders=[BIH, BGR, HRV, HUN, KOS, MKD, MNE, ROU], currencies=[RSD]}
2019-08-27 13:54:31.346  INFO 7590 --- [    Test worker] c.e.t.calculator.impl.BudgetCalculator   : neighbour country: Country{name='Serbia', borders=[BIH, BGR, HRV, HUN, KOS, MKD, MNE, ROU], currencies=[RSD]} | country base EUR | country budget 200.0
2019-08-27 13:54:31.489  INFO 7590 --- [    Test worker] c.e.t.calculator.impl.BudgetCalculator   : Found neighbour: Country{name='Turkey', borders=[ARM, AZE, BGR, GEO, GRC, IRN, IRQ, SYR], currencies=[TRY]}
2019-08-27 13:54:31.489  INFO 7590 --- [    Test worker] c.e.t.calculator.impl.BudgetCalculator   : neighbour country: Country{name='Turkey', borders=[ARM, AZE, BGR, GEO, GRC, IRN, IRQ, SYR], currencies=[TRY]} | country base TRY | country budget 1292.84
2019-08-27 13:54:31.539  WARN 7590 --- [    Test worker] .w.s.m.s.DefaultHandlerExceptionResolver : Resolved [org.springframework.web.bind.MethodArgumentNotValidException: Validation failed for argument [0] in public org.springframework.http.ResponseEntity<com.example.travel.model.TripDetails> com.example.travel.controller.TripController.getDetails(com.example.travel.model.TripPlan): [Field error in object 'tripPlan' on field 'totalBudget': rejected value [-100.0]; codes [Positive.tripPlan.totalBudget,Positive.totalBudget,Positive.float,Positive]; arguments [org.springframework.context.support.DefaultMessageSourceResolvable: codes [tripPlan.totalBudget,totalBudget]; arguments []; default message [totalBudget]]; default message [Invalid total budget]] ]
2019-08-27 13:54:31.543  WARN 7590 --- [    Test worker] .w.s.m.s.DefaultHandlerExceptionResolver : Resolved [org.springframework.web.bind.MethodArgumentNotValidException: Validation failed for argument [0] in public org.springframework.http.ResponseEntity<com.example.travel.model.TripDetails> com.example.travel.controller.TripController.getDetails(com.example.travel.model.TripPlan): [Field error in object 'tripPlan' on field 'startCountry': rejected value []; codes [NotBlank.tripPlan.startCountry,NotBlank.startCountry,NotBlank.java.lang.String,NotBlank]; arguments [org.springframework.context.support.DefaultMessageSourceResolvable: codes [tripPlan.startCountry,startCountry]; arguments []; default message [startCountry]]; default message [Invalid start country name]] ]
2019-08-27 13:54:31.547  WARN 7590 --- [    Test worker] .w.s.m.s.DefaultHandlerExceptionResolver : Resolved [org.springframework.web.bind.MethodArgumentNotValidException: Validation failed for argument [0] in public org.springframework.http.ResponseEntity<com.example.travel.model.TripDetails> com.example.travel.controller.TripController.getDetails(com.example.travel.model.TripPlan): [Field error in object 'tripPlan' on field 'currencyCode': rejected value [null]; codes [NotBlank.tripPlan.currencyCode,NotBlank.currencyCode,NotBlank.java.lang.String,NotBlank]; arguments [org.springframework.context.support.DefaultMessageSourceResolvable: codes [tripPlan.currencyCode,currencyCode]; arguments []; default message [currencyCode]]; default message [Invalid start country code]] ]
2019-08-27 13:54:31.551  WARN 7590 --- [    Test worker] .w.s.m.s.DefaultHandlerExceptionResolver : Resolved [org.springframework.web.bind.MethodArgumentNotValidException: Validation failed for argument [0] in public org.springframework.http.ResponseEntity<com.example.travel.model.TripDetails> com.example.travel.controller.TripController.getDetails(com.example.travel.model.TripPlan) with 2 errors: [Field error in object 'tripPlan' on field 'totalBudget': rejected value [-100.0]; codes [Positive.tripPlan.totalBudget,Positive.totalBudget,Positive.float,Positive]; arguments [org.springframework.context.support.DefaultMessageSourceResolvable: codes [tripPlan.totalBudget,totalBudget]; arguments []; default message [totalBudget]]; default message [Invalid total budget]] [Field error in object 'tripPlan' on field 'budgetPerCountry': rejected value [0.0]; codes [Positive.tripPlan.budgetPerCountry,Positive.budgetPerCountry,Positive.float,Positive]; arguments [org.springframework.context.support.DefaultMessageSourceResolvable: codes [tripPlan.budgetPerCountry,budgetPerCountry]; arguments []; default message [budgetPerCountry]]; default message [Invalid budget per country]] ]
]]></system-out>
  <system-err><![CDATA[]]></system-err>
</testsuite>
